Added Component: Designator=C1(Capacitor Ceramic)
Add component (AddParameter): Name = "Value"; Value = "100nF"; VariantName = "[No Variations]"
Added Component: Designator=C2(Capacitor Ceramic)
Add component (AddParameter): Name = "Value"; Value = "100nF"; VariantName = "[No Variations]"
Added Component: Designator=C3(Capacitor POL THT)
Add component (AddParameter): Name = "Value"; Value = "330uF"; VariantName = "[No Variations]"
Added Component: Designator=C4(Capacitor Ceramic)
Add component (AddParameter): Name = "Value"; Value = "100nF"; VariantName = "[No Variations]"
Added Component: Designator=C5(Capacitor POL THT)
Add component (AddParameter): Name = "Value"; Value = "220uF"; VariantName = "[No Variations]"
Added Component: Designator=C6(Capacitor Ceramic)
Add component (AddParameter): Name = "Value"; Value = "100nF"; VariantName = "[No Variations]"
Added Component: Designator=D1(LED THT 3mm)
Add component (AddParameter): Name = "Manufacturer"; Value = ""; VariantName = "[No Variations]"
Add component (AddParameter): Name = "Manufacturer part NO."; Value = ""; VariantName = "[No Variations]"
Add component (AddParameter): Name = "Supplier"; Value = ""; VariantName = "[No Variations]"
Add component (AddParameter): Name = "Supplier part No."; Value = ""; VariantName = "[No Variations]"
Added Component: Designator=J1(TerminalBlock)
Add component (AddParameter): Name = "Manufacturer"; Value = ""; VariantName = "[No Variations]"
Add component (AddParameter): Name = "Manufacturer Part No."; Value = ""; VariantName = "[No Variations]"
Add component (AddParameter): Name = "Supplier"; Value = ""; VariantName = "[No Variations]"
Add component (AddParameter): Name = "Supplier part No."; Value = ""; VariantName = "[No Variations]"
Added Component: Designator=J2(PinHeader THT 2)
Added Component: Designator=J3(PinHeader THT 2)
Added Component: Designator=J4(TerminalBlock)
Add component (AddParameter): Name = "Manufacturer"; Value = ""; VariantName = "[No Variations]"
Add component (AddParameter): Name = "Manufacturer Part No."; Value = ""; VariantName = "[No Variations]"
Add component (AddParameter): Name = "Supplier"; Value = ""; VariantName = "[No Variations]"
Add component (AddParameter): Name = "Supplier part No."; Value = ""; VariantName = "[No Variations]"
Added Component: Designator=J5(PinHeader THT 2)
Added Component: Designator=J6(PinHeader THT 2)
Added Component: Designator=J7(TerminalBlock)
Add component (AddParameter): Name = "Manufacturer"; Value = ""; VariantName = "[No Variations]"
Add component (AddParameter): Name = "Manufacturer Part No."; Value = ""; VariantName = "[No Variations]"
Add component (AddParameter): Name = "Supplier"; Value = ""; VariantName = "[No Variations]"
Add component (AddParameter): Name = "Supplier part No."; Value = ""; VariantName = "[No Variations]"
Added Component: Designator=R1(Resistor THT)
Add component (AddParameter): Name = "Manufacturer"; Value = ""; VariantName = "[No Variations]"
Add component (AddParameter): Name = "Manufacturer Part No."; Value = ""; VariantName = "[No Variations]"
Add component (AddParameter): Name = "Supllier Part No."; Value = ""; VariantName = "[No Variations]"
Add component (AddParameter): Name = "Supplier"; Value = ""; VariantName = "[No Variations]"
Add component (AddParameter): Name = "Value"; Value = "330R"; VariantName = "[No Variations]"
Added Component: Designator=U1(L293D_DIP16 - duplicate)
Added Component: Designator=U2(L7805)
Added Pin To Net: NetName=EN 1 Pin=J2-1
Added Pin To Net: NetName=EN 1 Pin=U1-1
Added Net: Name=EN 1
Added Pin To Net: NetName=EN 2 Pin=J5-1
Added Pin To Net: NetName=EN 2 Pin=U1-9
Added Net: Name=EN 2
Added Pin To Net: NetName=GND Pin=C3--
Added Pin To Net: NetName=GND Pin=C4-1
Added Pin To Net: NetName=GND Pin=C5--
Added Pin To Net: NetName=GND Pin=C6-1
Added Pin To Net: NetName=GND Pin=J7-2
Added Pin To Net: NetName=GND Pin=R1-1
Added Pin To Net: NetName=GND Pin=U1-4
Added Pin To Net: NetName=GND Pin=U1-5
Added Pin To Net: NetName=GND Pin=U1-12
Added Pin To Net: NetName=GND Pin=U1-13
Added Pin To Net: NetName=GND Pin=U2-2
Added Net: Name=GND
Added Pin To Net: NetName=IN 1 Pin=J3-2
Added Pin To Net: NetName=IN 1 Pin=U1-2
Added Net: Name=IN 1
Added Pin To Net: NetName=IN 2 Pin=J3-1
Added Pin To Net: NetName=IN 2 Pin=U1-7
Added Net: Name=IN 2
Added Pin To Net: NetName=IN 3 Pin=J6-2
Added Pin To Net: NetName=IN 3 Pin=U1-10
Added Net: Name=IN 3
Added Pin To Net: NetName=IN 4 Pin=J6-1
Added Pin To Net: NetName=IN 4 Pin=U1-15
Added Net: Name=IN 4
Added Pin To Net: NetName=NetD1_- Pin=D1--
Added Pin To Net: NetName=NetD1_- Pin=R1-2
Added Net: Name=NetD1_-
Added Pin To Net: NetName=OUT 1 Pin=C1-2
Added Pin To Net: NetName=OUT 1 Pin=J1-2
Added Pin To Net: NetName=OUT 1 Pin=U1-3
Added Net: Name=OUT 1
Added Pin To Net: NetName=OUT 2 Pin=C1-1
Added Pin To Net: NetName=OUT 2 Pin=J1-1
Added Pin To Net: NetName=OUT 2 Pin=U1-6
Added Net: Name=OUT 2
Added Pin To Net: NetName=OUT 3 Pin=C2-2
Added Pin To Net: NetName=OUT 3 Pin=J4-2
Added Pin To Net: NetName=OUT 3 Pin=U1-11
Added Net: Name=OUT 3
Added Pin To Net: NetName=OUT 4 Pin=C2-1
Added Pin To Net: NetName=OUT 4 Pin=J4-1
Added Pin To Net: NetName=OUT 4 Pin=U1-14
Added Net: Name=OUT 4
Added Pin To Net: NetName=VSS Pin=C5-+
Added Pin To Net: NetName=VSS Pin=C6-2
Added Pin To Net: NetName=VSS Pin=D1-+
Added Pin To Net: NetName=VSS Pin=J2-2
Added Pin To Net: NetName=VSS Pin=J5-2
Added Pin To Net: NetName=VSS Pin=U1-16
Added Pin To Net: NetName=VSS Pin=U2-3
Added Net: Name=VSS
Added Pin To Net: NetName=VS Pin=C3-+
Added Pin To Net: NetName=VS Pin=C4-2
Added Pin To Net: NetName=VS Pin=J7-1
Added Pin To Net: NetName=VS Pin=U1-8
Added Pin To Net: NetName=VS Pin=U2-1
Added Net: Name=VS
Added Class: Name=L293D
