Added Component: Designator=C1(Capacitor Ceramic)
Add component (AddParameter): Name = "Value"; Value = "10nF"; VariantName = "[No Variations]"
Added Component: Designator=C2(Capacitor Ceramic)
Add component (AddParameter): Name = "Value"; Value = "10nF"; VariantName = "[No Variations]"
Added Component: Designator=D1(Diode)
Added Component: Designator=D2(Diode)
Added Component: Designator=D3(LED THT 3mm)
Add component (AddParameter): Name = "Manufacturer"; Value = ""; VariantName = "[No Variations]"
Add component (AddParameter): Name = "Manufacturer part NO."; Value = ""; VariantName = "[No Variations]"
Add component (AddParameter): Name = "Supplier"; Value = ""; VariantName = "[No Variations]"
Add component (AddParameter): Name = "Supplier part No."; Value = ""; VariantName = "[No Variations]"
Added Component: Designator=J1(TerminalBlock)
Add component (AddParameter): Name = "Manufacturer"; Value = ""; VariantName = "[No Variations]"
Add component (AddParameter): Name = "Manufacturer Part No."; Value = ""; VariantName = "[No Variations]"
Add component (AddParameter): Name = "Supplier"; Value = ""; VariantName = "[No Variations]"
Add component (AddParameter): Name = "Supplier part No."; Value = ""; VariantName = "[No Variations]"
Added Component: Designator=J2(PinHeader THT 2)
Added Component: Designator=R1(Resistor THT)
Add component (AddParameter): Name = "Manufacturer"; Value = ""; VariantName = "[No Variations]"
Add component (AddParameter): Name = "Manufacturer Part No."; Value = ""; VariantName = "[No Variations]"
Add component (AddParameter): Name = "Supllier Part No."; Value = ""; VariantName = "[No Variations]"
Add component (AddParameter): Name = "Supplier"; Value = ""; VariantName = "[No Variations]"
Add component (AddParameter): Name = "Value"; Value = "1K"; VariantName = "[No Variations]"
Added Component: Designator=R2(Potentiometer)
Add component (AddParameter): Name = "Manufacturer"; Value = ""; VariantName = "[No Variations]"
Add component (AddParameter): Name = "Value"; Value = "10K"; VariantName = "[No Variations]"
Added Component: Designator=R3(Resistor THT)
Add component (AddParameter): Name = "Manufacturer"; Value = ""; VariantName = "[No Variations]"
Add component (AddParameter): Name = "Manufacturer Part No."; Value = ""; VariantName = "[No Variations]"
Add component (AddParameter): Name = "Supllier Part No."; Value = ""; VariantName = "[No Variations]"
Add component (AddParameter): Name = "Supplier"; Value = ""; VariantName = "[No Variations]"
Add component (AddParameter): Name = "Value"; Value = "330R"; VariantName = "[No Variations]"
Added Pin To Net: NetName=DSCH Pin=D1--
Added Pin To Net: NetName=DSCH Pin=D2-+
Added Pin To Net: NetName=DSCH Pin=R1-1
Added Net: Name=DSCH
Added Pin To Net: NetName=GND Pin=C1-1
Added Pin To Net: NetName=GND Pin=C2-1
Added Pin To Net: NetName=GND Pin=J1-2
Added Pin To Net: NetName=GND Pin=J2-2
Added Pin To Net: NetName=GND Pin=R3-2
Added Net: Name=GND
Added Pin To Net: NetName=NetC1_2 Pin=C1-2
Added Net: Name=NetC1_2
Added Pin To Net: NetName=NetD1_+ Pin=D1-+
Added Pin To Net: NetName=NetD1_+ Pin=R2-3
Added Net: Name=NetD1_+
Added Pin To Net: NetName=NetD2_- Pin=D2--
Added Pin To Net: NetName=NetD2_- Pin=R2-1
Added Net: Name=NetD2_-
Added Pin To Net: NetName=NetD3_- Pin=D3--
Added Pin To Net: NetName=NetD3_- Pin=R3-1
Added Net: Name=NetD3_-
Added Pin To Net: NetName=OUT Pin=J2-1
Added Net: Name=OUT
Added Pin To Net: NetName=TRIG Pin=C2-2
Added Pin To Net: NetName=TRIG Pin=R2-2
Added Net: Name=TRIG
Added Pin To Net: NetName=VCC Pin=J1-1
Added Pin To Net: NetName=VCC Pin=R1-2
Added Net: Name=VCC
Added Class: Name=555_PWM
